{"/home/runner/work/mannmitra/mannmitra/config.js": {"path":"/home/runner/work/mannmitra/mannmitra/config.js","statementMap":{"0":{"start":{"line":3,"column":0},"end":{"line":3,"column":27}},"1":{"start":{"line":5,"column":0},"end":{"line":17,"column":2}}},"fnMap":{},"branchMap":{"0":{"loc":{"start":{"line":6,"column":8},"end":{"line":6,"column":46}},"type":"binary-expr","locations":[{"start":{"line":6,"column":8},"end":{"line":6,"column":38}},{"start":{"line":6,"column":42},"end":{"line":6,"column":46}}],"line":6},"1":{"loc":{"start":{"line":7,"column":11},"end":{"line":7,"column":48}},"type":"binary-expr","locations":[{"start":{"line":7,"column":11},"end":{"line":7,"column":31}},{"start":{"line":7,"column":35},"end":{"line":7,"column":48}}],"line":7},"2":{"loc":{"start":{"line":8,"column":16},"end":{"line":8,"column":61}},"type":"binary-expr","locations":[{"start":{"line":8,"column":16},"end":{"line":8,"column":41}},{"start":{"line":8,"column":45},"end":{"line":8,"column":61}}],"line":8},"3":{"loc":{"start":{"line":10,"column":10},"end":{"line":10,"column":38}},"type":"binary-expr","locations":[{"start":{"line":10,"column":10},"end":{"line":10,"column":32}},{"start":{"line":10,"column":36},"end":{"line":10,"column":38}}],"line":10},"4":{"loc":{"start":{"line":11,"column":10},"end":{"line":11,"column":38}},"type":"binary-expr","locations":[{"start":{"line":11,"column":10},"end":{"line":11,"column":32}},{"start":{"line":11,"column":36},"end":{"line":11,"column":38}}],"line":11},"5":{"loc":{"start":{"line":12,"column":10},"end":{"line":12,"column":70}},"type":"binary-expr","locations":[{"start":{"line":12,"column":10},"end":{"line":12,"column":32}},{"start":{"line":12,"column":36},"end":{"line":12,"column":70}}],"line":12},"6":{"loc":{"start":{"line":13,"column":16},"end":{"line":13,"column":45}},"type":"binary-expr","locations":[{"start":{"line":13,"column":16},"end":{"line":13,"column":39}},{"start":{"line":13,"column":43},"end":{"line":13,"column":45}}],"line":13},"7":{"loc":{"start":{"line":15,"column":17},"end":{"line":15,"column":60}},"type":"binary-expr","locations":[{"start":{"line":15,"column":17},"end":{"line":15,"column":43}},{"start":{"line":15,"column":47},"end":{"line":15,"column":60}}],"line":15},"8":{"loc":{"start":{"line":16,"column":17},"end":{"line":16,"column":84}},"type":"binary-expr","locations":[{"start":{"line":16,"column":17},"end":{"line":16,"column":43}},{"start":{"line":16,"column":47},"end":{"line":16,"column":84}}],"line":16}},"s":{"0":7,"1":7},"f":{},"b":{"0":[7,7],"1":[7,0],"2":[7,1],"3":[7,6],"4":[7,6],"5":[7,7],"6":[7,7],"7":[7,6],"8":[7,7]},"_coverageSchema":"1a1c01bbd47fc00a2c39e90264f33305004495a9","hash":"8b29fb88ff45f9bd807da2a4fe1604e1b3a663fc"}
,"/home/runner/work/mannmitra/mannmitra/database.js": {"path":"/home/runner/work/mannmitra/mannmitra/database.js","statementMap":{"0":{"start":{"line":3,"column":17},"end":{"line":3,"column":42}},"1":{"start":{"line":4,"column":15},"end":{"line":4,"column":34}},"2":{"start":{"line":5,"column":15},"end":{"line":5,"column":34}},"3":{"start":{"line":10,"column":2},"end":{"line":15,"column":3}},"4":{"start":{"line":11,"column":4},"end":{"line":11,"column":43}},"5":{"start":{"line":12,"column":4},"end":{"line":12,"column":36}},"6":{"start":{"line":13,"column":4},"end":{"line":13,"column":35}},"7":{"start":{"line":14,"column":4},"end":{"line":14,"column":17}},"8":{"start":{"line":16,"column":2},"end":{"line":16,"column":12}},"9":{"start":{"line":20,"column":2},"end":{"line":37,"column":5}},"10":{"start":{"line":38,"column":2},"end":{"line":38,"column":45}},"11":{"start":{"line":44,"column":15},"end":{"line":47,"column":3}},"12":{"start":{"line":48,"column":2},"end":{"line":48,"column":20}},"13":{"start":{"line":49,"column":2},"end":{"line":49,"column":17}},"14":{"start":{"line":53,"column":2},"end":{"line":53,"column":81}},"15":{"start":{"line":57,"column":2},"end":{"line":57,"column":72}},"16":{"start":{"line":61,"column":17},"end":{"line":63,"column":20}},"17":{"start":{"line":64,"column":2},"end":{"line":64,"column":28}},"18":{"start":{"line":68,"column":14},"end":{"line":70,"column":15}},"19":{"start":{"line":71,"column":2},"end":{"line":71,"column":15}},"20":{"start":{"line":77,"column":2},"end":{"line":80,"column":3}},"21":{"start":{"line":78,"column":4},"end":{"line":78,"column":15}},"22":{"start":{"line":79,"column":4},"end":{"line":79,"column":14}},"23":{"start":{"line":83,"column":0},"end":{"line":91,"column":2}}},"fnMap":{"0":{"name":"getDb","decl":{"start":{"line":9,"column":9},"end":{"line":9,"column":14}},"loc":{"start":{"line":9,"column":17},"end":{"line":17,"column":1}},"line":9},"1":{"name":"initSchema","decl":{"start":{"line":19,"column":9},"end":{"line":19,"column":19}},"loc":{"start":{"line":19,"column":22},"end":{"line":39,"column":1}},"line":19},"2":{"name":"insertBooking","decl":{"start":{"line":43,"column":9},"end":{"line":43,"column":22}},"loc":{"start":{"line":43,"column":32},"end":{"line":50,"column":1}},"line":43},"3":{"name":"getAllBookings","decl":{"start":{"line":52,"column":9},"end":{"line":52,"column":23}},"loc":{"start":{"line":52,"column":26},"end":{"line":54,"column":1}},"line":52},"4":{"name":"getBookingById","decl":{"start":{"line":56,"column":9},"end":{"line":56,"column":23}},"loc":{"start":{"line":56,"column":28},"end":{"line":58,"column":1}},"line":56},"5":{"name":"updateBookingStatus","decl":{"start":{"line":60,"column":9},"end":{"line":60,"column":28}},"loc":{"start":{"line":60,"column":41},"end":{"line":65,"column":1}},"line":60},"6":{"name":"bookingExistsByEmail","decl":{"start":{"line":67,"column":9},"end":{"line":67,"column":29}},"loc":{"start":{"line":67,"column":37},"end":{"line":72,"column":1}},"line":67},"7":{"name":"closeDb","decl":{"start":{"line":76,"column":9},"end":{"line":76,"column":16}},"loc":{"start":{"line":76,"column":19},"end":{"line":81,"column":1}},"line":76}},"branchMap":{"0":{"loc":{"start":{"line":10,"column":2},"end":{"line":15,"column":3}},"type":"if","locations":[{"start":{"line":10,"column":2},"end":{"line":15,"column":3}},{"start":{},"end":{}}],"line":10},"1":{"loc":{"start":{"line":77,"column":2},"end":{"line":80,"column":3}},"type":"if","locations":[{"start":{"line":77,"column":2},"end":{"line":80,"column":3}},{"start":{},"end":{}}],"line":77}},"s":{"0":4,"1":4,"2":4,"3":33,"4":3,"5":3,"6":3,"7":3,"8":33,"9":3,"10":3,"11":11,"12":11,"13":11,"14":7,"15":3,"16":7,"17":7,"18":2,"19":2,"20":3,"21":3,"22":3,"23":4},"f":{"0":33,"1":3,"2":11,"3":7,"4":3,"5":7,"6":2,"7":3},"b":{"0":[3,30],"1":[3,0]},"_coverageSchema":"1a1c01bbd47fc00a2c39e90264f33305004495a9","hash":"d3439c5568e36b2fbd5a66ee52ba33a74ca99473"}
,"/home/runner/work/mannmitra/mannmitra/email.js": {"path":"/home/runner/work/mannmitra/mannmitra/email.js","statementMap":{"0":{"start":{"line":3,"column":19},"end":{"line":3,"column":40}},"1":{"start":{"line":4,"column":15},"end":{"line":4,"column":34}},"2":{"start":{"line":5,"column":15},"end":{"line":5,"column":34}},"3":{"start":{"line":8,"column":2},"end":{"line":11,"column":3}},"4":{"start":{"line":9,"column":4},"end":{"line":9,"column":71}},"5":{"start":{"line":10,"column":4},"end":{"line":10,"column":16}},"6":{"start":{"line":12,"column":2},"end":{"line":18,"column":5}},"7":{"start":{"line":21,"column":18},"end":{"line":21,"column":35}},"8":{"start":{"line":28,"column":2},"end":{"line":28,"column":27}},"9":{"start":{"line":28,"column":20},"end":{"line":28,"column":27}},"10":{"start":{"line":29,"column":22},"end":{"line":48,"column":3}},"11":{"start":{"line":49,"column":2},"end":{"line":54,"column":3}},"12":{"start":{"line":50,"column":4},"end":{"line":50,"column":44}},"13":{"start":{"line":51,"column":4},"end":{"line":51,"column":71}},"14":{"start":{"line":53,"column":4},"end":{"line":53,"column":83}},"15":{"start":{"line":62,"column":2},"end":{"line":62,"column":55}},"16":{"start":{"line":62,"column":48},"end":{"line":62,"column":55}},"17":{"start":{"line":63,"column":22},"end":{"line":81,"column":3}},"18":{"start":{"line":82,"column":2},"end":{"line":85,"column":3}},"19":{"start":{"line":83,"column":4},"end":{"line":83,"column":71}},"20":{"start":{"line":84,"column":4},"end":{"line":84,"column":16}},"21":{"start":{"line":88,"column":0},"end":{"line":88,"column":82}}},"fnMap":{"0":{"name":"createTransport","decl":{"start":{"line":7,"column":9},"end":{"line":7,"column":24}},"loc":{"start":{"line":7,"column":27},"end":{"line":19,"column":1}},"line":7},"1":{"name":"sendUserConfirmation","decl":{"start":{"line":27,"column":15},"end":{"line":27,"column":35}},"loc":{"start":{"line":27,"column":45},"end":{"line":55,"column":1}},"line":27},"2":{"name":"sendAdminNotification","decl":{"start":{"line":61,"column":15},"end":{"line":61,"column":36}},"loc":{"start":{"line":61,"column":46},"end":{"line":86,"column":1}},"line":61}},"branchMap":{"0":{"loc":{"start":{"line":8,"column":2},"end":{"line":11,"column":3}},"type":"if","locations":[{"start":{"line":8,"column":2},"end":{"line":11,"column":3}},{"start":{},"end":{}}],"line":8},"1":{"loc":{"start":{"line":8,"column":6},"end":{"line":8,"column":46}},"type":"binary-expr","locations":[{"start":{"line":8,"column":6},"end":{"line":8,"column":24}},{"start":{"line":8,"column":28},"end":{"line":8,"column":46}}],"line":8},"2":{"loc":{"start":{"line":28,"column":2},"end":{"line":28,"column":27}},"type":"if","locations":[{"start":{"line":28,"column":2},"end":{"line":28,"column":27}},{"start":{},"end":{}}],"line":28},"3":{"loc":{"start":{"line":39,"column":138},"end":{"line":39,"column":171}},"type":"binary-expr","locations":[{"start":{"line":39,"column":138},"end":{"line":39,"column":153}},{"start":{"line":39,"column":157},"end":{"line":39,"column":171}}],"line":39},"4":{"loc":{"start":{"line":62,"column":2},"end":{"line":62,"column":55}},"type":"if","locations":[{"start":{"line":62,"column":2},"end":{"line":62,"column":55}},{"start":{},"end":{}}],"line":62},"5":{"loc":{"start":{"line":62,"column":6},"end":{"line":62,"column":46}},"type":"binary-expr","locations":[{"start":{"line":62,"column":6},"end":{"line":62,"column":18}},{"start":{"line":62,"column":22},"end":{"line":62,"column":46}}],"line":62},"6":{"loc":{"start":{"line":75,"column":133},"end":{"line":75,"column":166}},"type":"binary-expr","locations":[{"start":{"line":75,"column":133},"end":{"line":75,"column":148}},{"start":{"line":75,"column":152},"end":{"line":75,"column":166}}],"line":75},"7":{"loc":{"start":{"line":78,"column":47},"end":{"line":78,"column":94}},"type":"binary-expr","locations":[{"start":{"line":78,"column":47},"end":{"line":78,"column":67}},{"start":{"line":78,"column":71},"end":{"line":78,"column":94}}],"line":78},"8":{"loc":{"start":{"line":82,"column":2},"end":{"line":85,"column":3}},"type":"if","locations":[{"start":{"line":82,"column":2},"end":{"line":85,"column":3}},{"start":{},"end":{}}],"line":82},"9":{"loc":{"start":{"line":82,"column":6},"end":{"line":82,"column":46}},"type":"binary-expr","locations":[{"start":{"line":82,"column":6},"end":{"line":82,"column":24}},{"start":{"line":82,"column":28},"end":{"line":82,"column":46}}],"line":82}},"s":{"0":6,"1":6,"2":6,"3":7,"4":6,"5":6,"6":1,"7":6,"8":4,"9":3,"10":1,"11":1,"12":1,"13":1,"14":0,"15":3,"16":3,"17":0,"18":0,"19":0,"20":0,"21":6},"f":{"0":7,"1":4,"2":3},"b":{"0":[6,1],"1":[7,1],"2":[3,1],"3":[1,0],"4":[3,0],"5":[3,0],"6":[0,0],"7":[0,0],"8":[0,0],"9":[0,0]},"_coverageSchema":"1a1c01bbd47fc00a2c39e90264f33305004495a9","hash":"7c63d55dfab6aad07e9e3305ac84ced0498d0631"}
,"/home/runner/work/mannmitra/mannmitra/logger.js": {"path":"/home/runner/work/mannmitra/mannmitra/logger.js","statementMap":{"0":{"start":{"line":3,"column":13},"end":{"line":3,"column":28}},"1":{"start":{"line":4,"column":45},"end":{"line":4,"column":63}},"2":{"start":{"line":5,"column":0},"end":{"line":5,"column":37}},"3":{"start":{"line":7,"column":16},"end":{"line":7,"column":44}},"4":{"start":{"line":9,"column":15},"end":{"line":36,"column":2}},"5":{"start":{"line":39,"column":0},"end":{"line":45,"column":1}},"6":{"start":{"line":40,"column":2},"end":{"line":44,"column":4}},"7":{"start":{"line":47,"column":0},"end":{"line":47,"column":24}}},"fnMap":{},"branchMap":{"0":{"loc":{"start":{"line":10,"column":9},"end":{"line":10,"column":65}},"type":"cond-expr","locations":[{"start":{"line":10,"column":49},"end":{"line":10,"column":55}},{"start":{"line":10,"column":58},"end":{"line":10,"column":65}}],"line":10},"1":{"loc":{"start":{"line":39,"column":0},"end":{"line":45,"column":1}},"type":"if","locations":[{"start":{"line":39,"column":0},"end":{"line":45,"column":1}},{"start":{},"end":{}}],"line":39}},"s":{"0":8,"1":8,"2":8,"3":8,"4":8,"5":8,"6":8,"7":8},"f":{},"b":{"0":[0,8],"1":[8,0]},"_coverageSchema":"1a1c01bbd47fc00a2c39e90264f33305004495a9","hash":"97f03d5df718c44b34c13ae9e4a23e826e720920"}
,"/home/runner/work/mannmitra/mannmitra/server.js": {"path":"/home/runner/work/mannmitra/mannmitra/server.js","statementMap":{"0":{"start":{"line":3,"column":0},"end":{"line":3,"column":27}},"1":{"start":{"line":5,"column":16},"end":{"line":5,"column":34}},"2":{"start":{"line":6,"column":13},"end":{"line":6,"column":28}},"3":{"start":{"line":7,"column":13},"end":{"line":7,"column":28}},"4":{"start":{"line":8,"column":15},"end":{"line":8,"column":32}},"5":{"start":{"line":9,"column":16},"end":{"line":9,"column":42}},"6":{"start":{"line":10,"column":23},"end":{"line":10,"column":58}},"7":{"start":{"line":12,"column":13},"end":{"line":12,"column":28}},"8":{"start":{"line":13,"column":13},"end":{"line":13,"column":23}},"9":{"start":{"line":15,"column":15},"end":{"line":15,"column":34}},"10":{"start":{"line":16,"column":15},"end":{"line":16,"column":34}},"11":{"start":{"line":17,"column":21},"end":{"line":17,"column":57}},"12":{"start":{"line":18,"column":18},"end":{"line":18,"column":41}},"13":{"start":{"line":19,"column":20},"end":{"line":19,"column":45}},"14":{"start":{"line":20,"column":21},"end":{"line":20,"column":47}},"15":{"start":{"line":22,"column":12},"end":{"line":22,"column":21}},"16":{"start":{"line":25,"column":0},"end":{"line":39,"column":2}},"17":{"start":{"line":42,"column":0},"end":{"line":42,"column":16}},"18":{"start":{"line":45,"column":0},"end":{"line":45,"column":24}},"19":{"start":{"line":46,"column":0},"end":{"line":46,"column":49}},"20":{"start":{"line":49,"column":21},"end":{"line":52,"column":2}},"21":{"start":{"line":54,"column":0},"end":{"line":68,"column":2}},"22":{"start":{"line":71,"column":0},"end":{"line":77,"column":3}},"23":{"start":{"line":72,"column":2},"end":{"line":74,"column":3}},"24":{"start":{"line":73,"column":4},"end":{"line":73,"column":49}},"25":{"start":{"line":75,"column":2},"end":{"line":75,"column":61}},"26":{"start":{"line":76,"column":2},"end":{"line":76,"column":9}},"27":{"start":{"line":80,"column":0},"end":{"line":83,"column":3}},"28":{"start":{"line":81,"column":2},"end":{"line":81,"column":83}},"29":{"start":{"line":82,"column":2},"end":{"line":82,"column":9}},"30":{"start":{"line":86,"column":0},"end":{"line":86,"column":56}},"31":{"start":{"line":89,"column":0},"end":{"line":89,"column":27}},"32":{"start":{"line":90,"column":0},"end":{"line":90,"column":37}},"33":{"start":{"line":91,"column":0},"end":{"line":91,"column":31}},"34":{"start":{"line":94,"column":0},"end":{"line":94,"column":22}},"35":{"start":{"line":97,"column":0},"end":{"line":101,"column":1}},"36":{"start":{"line":98,"column":2},"end":{"line":100,"column":5}},"37":{"start":{"line":99,"column":4},"end":{"line":99,"column":79}},"38":{"start":{"line":103,"column":0},"end":{"line":103,"column":21}}},"fnMap":{"0":{"name":"(anonymous_0)","decl":{"start":{"line":71,"column":8},"end":{"line":71,"column":9}},"loc":{"start":{"line":71,"column":34},"end":{"line":77,"column":1}},"line":71},"1":{"name":"(anonymous_1)","decl":{"start":{"line":80,"column":8},"end":{"line":80,"column":9}},"loc":{"start":{"line":80,"column":29},"end":{"line":83,"column":1}},"line":80},"2":{"name":"(anonymous_2)","decl":{"start":{"line":98,"column":26},"end":{"line":98,"column":27}},"loc":{"start":{"line":98,"column":32},"end":{"line":100,"column":3}},"line":98}},"branchMap":{"0":{"loc":{"start":{"line":72,"column":2},"end":{"line":74,"column":3}},"type":"if","locations":[{"start":{"line":72,"column":2},"end":{"line":74,"column":3}},{"start":{},"end":{}}],"line":72},"1":{"loc":{"start":{"line":97,"column":0},"end":{"line":101,"column":1}},"type":"if","locations":[{"start":{"line":97,"column":0},"end":{"line":101,"column":1}},{"start":{},"end":{}}],"line":97}},"s":{"0":3,"1":3,"2":3,"3":3,"4":3,"5":3,"6":3,"7":3,"8":3,"9":3,"10":3,"11":3,"12":3,"13":3,"14":3,"15":3,"16":3,"17":3,"18":3,"19":3,"20":3,"21":3,"22":3,"23":89,"24":59,"25":89,"26":89,"27":3,"28":89,"29":89,"30":3,"31":3,"32":3,"33":3,"34":3,"35":3,"36":0,"37":0,"38":3},"f":{"0":89,"1":89,"2":0},"b":{"0":[59,30],"1":[0,3]},"_coverageSchema":"1a1c01bbd47fc00a2c39e90264f33305004495a9","hash":"5e76105af9e244001729c99380ceef4e31c41349"}
,"/home/runner/work/mannmitra/mannmitra/data/gita.js": {"path":"/home/runner/work/mannmitra/mannmitra/data/gita.js","statementMap":{"0":{"start":{"line":8,"column":20},"end":{"line":204,"column":1}},"1":{"start":{"line":210,"column":20},"end":{"line":212,"column":3}},"2":{"start":{"line":213,"column":2},"end":{"line":213,"column":53}},"3":{"start":{"line":220,"column":2},"end":{"line":222,"column":4}},"4":{"start":{"line":221,"column":26},"end":{"line":221,"column":84}},"5":{"start":{"line":229,"column":15},"end":{"line":229,"column":24}},"6":{"start":{"line":230,"column":19},"end":{"line":230,"column":21}},"7":{"start":{"line":231,"column":2},"end":{"line":236,"column":3}},"8":{"start":{"line":232,"column":4},"end":{"line":235,"column":5}},"9":{"start":{"line":233,"column":6},"end":{"line":233,"column":26}},"10":{"start":{"line":234,"column":6},"end":{"line":234,"column":66}},"11":{"start":{"line":237,"column":2},"end":{"line":237,"column":18}},"12":{"start":{"line":244,"column":2},"end":{"line":244,"column":64}},"13":{"start":{"line":244,"column":33},"end":{"line":244,"column":62}},"14":{"start":{"line":251,"column":16},"end":{"line":251,"column":35}},"15":{"start":{"line":252,"column":2},"end":{"line":252,"column":58}},"16":{"start":{"line":252,"column":33},"end":{"line":252,"column":56}},"17":{"start":{"line":255,"column":0},"end":{"line":262,"column":2}}},"fnMap":{"0":{"name":"getDailyVerse","decl":{"start":{"line":209,"column":9},"end":{"line":209,"column":22}},"loc":{"start":{"line":209,"column":25},"end":{"line":214,"column":1}},"line":209},"1":{"name":"getVerse","decl":{"start":{"line":219,"column":9},"end":{"line":219,"column":17}},"loc":{"start":{"line":219,"column":34},"end":{"line":223,"column":1}},"line":219},"2":{"name":"(anonymous_2)","decl":{"start":{"line":221,"column":21},"end":{"line":221,"column":22}},"loc":{"start":{"line":221,"column":26},"end":{"line":221,"column":84}},"line":221},"3":{"name":"getChapters","decl":{"start":{"line":228,"column":9},"end":{"line":228,"column":20}},"loc":{"start":{"line":228,"column":23},"end":{"line":238,"column":1}},"line":228},"4":{"name":"getVersesByChapter","decl":{"start":{"line":243,"column":9},"end":{"line":243,"column":27}},"loc":{"start":{"line":243,"column":37},"end":{"line":245,"column":1}},"line":243},"5":{"name":"(anonymous_5)","decl":{"start":{"line":244,"column":28},"end":{"line":244,"column":29}},"loc":{"start":{"line":244,"column":33},"end":{"line":244,"column":62}},"line":244},"6":{"name":"getVersesByTheme","decl":{"start":{"line":250,"column":9},"end":{"line":250,"column":25}},"loc":{"start":{"line":250,"column":33},"end":{"line":253,"column":1}},"line":250},"7":{"name":"(anonymous_7)","decl":{"start":{"line":252,"column":28},"end":{"line":252,"column":29}},"loc":{"start":{"line":252,"column":33},"end":{"line":252,"column":56}},"line":252}},"branchMap":{"0":{"loc":{"start":{"line":221,"column":4},"end":{"line":221,"column":93}},"type":"binary-expr","locations":[{"start":{"line":221,"column":4},"end":{"line":221,"column":85}},{"start":{"line":221,"column":89},"end":{"line":221,"column":93}}],"line":221},"1":{"loc":{"start":{"line":221,"column":26},"end":{"line":221,"column":84}},"type":"binary-expr","locations":[{"start":{"line":221,"column":26},"end":{"line":221,"column":55}},{"start":{"line":221,"column":59},"end":{"line":221,"column":84}}],"line":221},"2":{"loc":{"start":{"line":232,"column":4},"end":{"line":235,"column":5}},"type":"if","locations":[{"start":{"line":232,"column":4},"end":{"line":235,"column":5}},{"start":{},"end":{}}],"line":232}},"s":{"0":3,"1":2,"2":2,"3":4,"4":36,"5":2,"6":2,"7":2,"8":30,"9":16,"10":16,"11":2,"12":4,"13":60,"14":2,"15":2,"16":30,"17":3},"f":{"0":2,"1":4,"2":36,"3":2,"4":4,"5":60,"6":2,"7":30},"b":{"0":[4,2],"1":[36,6],"2":[16,14]},"_coverageSchema":"1a1c01bbd47fc00a2c39e90264f33305004495a9","hash":"cf71338dfaf707b20312c3dcbcbf62547777d072"}
,"/home/runner/work/mannmitra/mannmitra/data/naval.js": {"path":"/home/runner/work/mannmitra/mannmitra/data/naval.js","statementMap":{"0":{"start":{"line":8,"column":21},"end":{"line":249,"column":1}},"1":{"start":{"line":251,"column":19},"end":{"line":251,"column":90}},"2":{"start":{"line":257,"column":20},"end":{"line":259,"column":3}},"3":{"start":{"line":260,"column":2},"end":{"line":260,"column":55}},"4":{"start":{"line":267,"column":2},"end":{"line":267,"column":71}},"5":{"start":{"line":274,"column":2},"end":{"line":274,"column":59}},"6":{"start":{"line":274,"column":34},"end":{"line":274,"column":57}},"7":{"start":{"line":281,"column":2},"end":{"line":281,"column":61}},"8":{"start":{"line":281,"column":32},"end":{"line":281,"column":51}},"9":{"start":{"line":284,"column":0},"end":{"line":291,"column":2}}},"fnMap":{"0":{"name":"getDailyQuote","decl":{"start":{"line":256,"column":9},"end":{"line":256,"column":22}},"loc":{"start":{"line":256,"column":25},"end":{"line":261,"column":1}},"line":256},"1":{"name":"getRandomQuote","decl":{"start":{"line":266,"column":9},"end":{"line":266,"column":23}},"loc":{"start":{"line":266,"column":26},"end":{"line":268,"column":1}},"line":266},"2":{"name":"getQuotesByCategory","decl":{"start":{"line":273,"column":9},"end":{"line":273,"column":28}},"loc":{"start":{"line":273,"column":39},"end":{"line":275,"column":1}},"line":273},"3":{"name":"(anonymous_3)","decl":{"start":{"line":274,"column":29},"end":{"line":274,"column":30}},"loc":{"start":{"line":274,"column":34},"end":{"line":274,"column":57}},"line":274},"4":{"name":"getQuoteById","decl":{"start":{"line":280,"column":9},"end":{"line":280,"column":21}},"loc":{"start":{"line":280,"column":26},"end":{"line":282,"column":1}},"line":280},"5":{"name":"(anonymous_5)","decl":{"start":{"line":281,"column":27},"end":{"line":281,"column":28}},"loc":{"start":{"line":281,"column":32},"end":{"line":281,"column":51}},"line":281}},"branchMap":{"0":{"loc":{"start":{"line":281,"column":9},"end":{"line":281,"column":60}},"type":"binary-expr","locations":[{"start":{"line":281,"column":9},"end":{"line":281,"column":52}},{"start":{"line":281,"column":56},"end":{"line":281,"column":60}}],"line":281}},"s":{"0":3,"1":3,"2":2,"3":2,"4":2,"5":3,"6":90,"7":4,"8":62,"9":3},"f":{"0":2,"1":2,"2":3,"3":90,"4":4,"5":62},"b":{"0":[4,2]},"_coverageSchema":"1a1c01bbd47fc00a2c39e90264f33305004495a9","hash":"1160a351f901b86366ba9a401fb05243796db8ed"}
,"/home/runner/work/mannmitra/mannmitra/middleware/auth.js": {"path":"/home/runner/work/mannmitra/mannmitra/middleware/auth.js","statementMap":{"0":{"start":{"line":3,"column":15},"end":{"line":3,"column":35}},"1":{"start":{"line":9,"column":2},"end":{"line":11,"column":3}},"2":{"start":{"line":10,"column":4},"end":{"line":10,"column":18}},"3":{"start":{"line":14,"column":4},"end":{"line":14,"column":73}},"4":{"start":{"line":15,"column":2},"end":{"line":17,"column":3}},"5":{"start":{"line":16,"column":4},"end":{"line":16,"column":76}},"6":{"start":{"line":18,"column":2},"end":{"line":18,"column":38}},"7":{"start":{"line":25,"column":23},"end":{"line":25,"column":31}},"8":{"start":{"line":26,"column":2},"end":{"line":29,"column":3}},"9":{"start":{"line":27,"column":4},"end":{"line":27,"column":31}},"10":{"start":{"line":28,"column":4},"end":{"line":28,"column":34}},"11":{"start":{"line":30,"column":2},"end":{"line":30,"column":46}},"12":{"start":{"line":37,"column":2},"end":{"line":39,"column":5}},"13":{"start":{"line":38,"column":4},"end":{"line":38,"column":33}},"14":{"start":{"line":42,"column":0},"end":{"line":42,"column":63}}},"fnMap":{"0":{"name":"requireAdminAuth","decl":{"start":{"line":8,"column":9},"end":{"line":8,"column":25}},"loc":{"start":{"line":8,"column":42},"end":{"line":19,"column":1}},"line":8},"1":{"name":"adminLogin","decl":{"start":{"line":24,"column":9},"end":{"line":24,"column":19}},"loc":{"start":{"line":24,"column":30},"end":{"line":31,"column":1}},"line":24},"2":{"name":"adminLogout","decl":{"start":{"line":36,"column":9},"end":{"line":36,"column":20}},"loc":{"start":{"line":36,"column":31},"end":{"line":40,"column":1}},"line":36},"3":{"name":"(anonymous_3)","decl":{"start":{"line":37,"column":22},"end":{"line":37,"column":23}},"loc":{"start":{"line":37,"column":28},"end":{"line":39,"column":3}},"line":37}},"branchMap":{"0":{"loc":{"start":{"line":9,"column":2},"end":{"line":11,"column":3}},"type":"if","locations":[{"start":{"line":9,"column":2},"end":{"line":11,"column":3}},{"start":{},"end":{}}],"line":9},"1":{"loc":{"start":{"line":9,"column":6},"end":{"line":9,"column":40}},"type":"binary-expr","locations":[{"start":{"line":9,"column":6},"end":{"line":9,"column":17}},{"start":{"line":9,"column":21},"end":{"line":9,"column":40}}],"line":9},"2":{"loc":{"start":{"line":14,"column":4},"end":{"line":14,"column":73}},"type":"binary-expr","locations":[{"start":{"line":14,"column":4},"end":{"line":14,"column":22}},{"start":{"line":14,"column":26},"end":{"line":14,"column":73}}],"line":14},"3":{"loc":{"start":{"line":15,"column":2},"end":{"line":17,"column":3}},"type":"if","locations":[{"start":{"line":15,"column":2},"end":{"line":17,"column":3}},{"start":{},"end":{}}],"line":15},"4":{"loc":{"start":{"line":26,"column":2},"end":{"line":29,"column":3}},"type":"if","locations":[{"start":{"line":26,"column":2},"end":{"line":29,"column":3}},{"start":{},"end":{}}],"line":26}},"s":{"0":3,"1":18,"2":11,"3":7,"4":7,"5":5,"6":2,"7":15,"8":15,"9":14,"10":14,"11":1,"12":2,"13":2,"14":3},"f":{"0":18,"1":15,"2":2,"3":2},"b":{"0":[11,7],"1":[18,18],"2":[7,6],"3":[5,2],"4":[14,1]},"_coverageSchema":"1a1c01bbd47fc00a2c39e90264f33305004495a9","hash":"d508905095fe57f9ba3521b79124b55809a97471"}
,"/home/runner/work/mannmitra/mannmitra/middleware/errorHandler.js": {"path":"/home/runner/work/mannmitra/mannmitra/middleware/errorHandler.js","statementMap":{"0":{"start":{"line":3,"column":15},"end":{"line":3,"column":35}},"1":{"start":{"line":11,"column":2},"end":{"line":16,"column":5}},"2":{"start":{"line":18,"column":17},"end":{"line":18,"column":52}},"3":{"start":{"line":20,"column":4},"end":{"line":22,"column":19}},"4":{"start":{"line":24,"column":2},"end":{"line":24,"column":46}},"5":{"start":{"line":27,"column":0},"end":{"line":27,"column":30}}},"fnMap":{"0":{"name":"errorHandler","decl":{"start":{"line":10,"column":9},"end":{"line":10,"column":21}},"loc":{"start":{"line":10,"column":43},"end":{"line":25,"column":1}},"line":10}},"branchMap":{"0":{"loc":{"start":{"line":18,"column":17},"end":{"line":18,"column":52}},"type":"binary-expr","locations":[{"start":{"line":18,"column":17},"end":{"line":18,"column":27}},{"start":{"line":18,"column":31},"end":{"line":18,"column":45}},{"start":{"line":18,"column":49},"end":{"line":18,"column":52}}],"line":18},"1":{"loc":{"start":{"line":20,"column":4},"end":{"line":22,"column":19}},"type":"cond-expr","locations":[{"start":{"line":21,"column":8},"end":{"line":21,"column":63}},{"start":{"line":22,"column":8},"end":{"line":22,"column":19}}],"line":20}},"s":{"0":4,"1":5,"2":5,"3":5,"4":5,"5":4},"f":{"0":5},"b":{"0":[5,4,3],"1":[1,4]},"_coverageSchema":"1a1c01bbd47fc00a2c39e90264f33305004495a9","hash":"1fb7329e497f36135873166eddf0a8bd9cb49913"}
,"/home/runner/work/mannmitra/mannmitra/middleware/rateLimit.js": {"path":"/home/runner/work/mannmitra/mannmitra/middleware/rateLimit.js","statementMap":{"0":{"start":{"line":3,"column":18},"end":{"line":3,"column":47}},"1":{"start":{"line":4,"column":15},"end":{"line":4,"column":35}},"2":{"start":{"line":9,"column":20},"end":{"line":20,"column":2}},"3":{"start":{"line":15,"column":4},"end":{"line":15,"column":60}},"4":{"start":{"line":16,"column":4},"end":{"line":18,"column":7}},"5":{"start":{"line":25,"column":20},"end":{"line":36,"column":2}},"6":{"start":{"line":31,"column":4},"end":{"line":31,"column":63}},"7":{"start":{"line":32,"column":4},"end":{"line":34,"column":7}},"8":{"start":{"line":41,"column":27},"end":{"line":52,"column":2}},"9":{"start":{"line":47,"column":4},"end":{"line":47,"column":68}},"10":{"start":{"line":48,"column":4},"end":{"line":50,"column":7}},"11":{"start":{"line":57,"column":22},"end":{"line":68,"column":2}},"12":{"start":{"line":63,"column":4},"end":{"line":63,"column":62}},"13":{"start":{"line":64,"column":4},"end":{"line":66,"column":7}},"14":{"start":{"line":70,"column":0},"end":{"line":70,"column":81}}},"fnMap":{"0":{"name":"(anonymous_0)","decl":{"start":{"line":14,"column":2},"end":{"line":14,"column":3}},"loc":{"start":{"line":14,"column":20},"end":{"line":19,"column":3}},"line":14},"1":{"name":"(anonymous_1)","decl":{"start":{"line":30,"column":2},"end":{"line":30,"column":3}},"loc":{"start":{"line":30,"column":20},"end":{"line":35,"column":3}},"line":30},"2":{"name":"(anonymous_2)","decl":{"start":{"line":46,"column":2},"end":{"line":46,"column":3}},"loc":{"start":{"line":46,"column":20},"end":{"line":51,"column":3}},"line":46},"3":{"name":"(anonymous_3)","decl":{"start":{"line":62,"column":2},"end":{"line":62,"column":3}},"loc":{"start":{"line":62,"column":20},"end":{"line":67,"column":3}},"line":62}},"branchMap":{},"s":{"0":3,"1":3,"2":3,"3":0,"4":0,"5":3,"6":0,"7":0,"8":3,"9":0,"10":0,"11":3,"12":0,"13":0,"14":3},"f":{"0":0,"1":0,"2":0,"3":0},"b":{},"_coverageSchema":"1a1c01bbd47fc00a2c39e90264f33305004495a9","hash":"19a8e21faec2af4e92e8d7aab0e9a6dc481a95c4"}
,"/home/runner/work/mannmitra/mannmitra/middleware/sanitize.js": {"path":"/home/runner/work/mannmitra/mannmitra/middleware/sanitize.js","statementMap":{"0":{"start":{"line":3,"column":35},"end":{"line":3,"column":63}},"1":{"start":{"line":10,"column":2},"end":{"line":10,"column":46}},"2":{"start":{"line":10,"column":33},"end":{"line":10,"column":46}},"3":{"start":{"line":12,"column":12},"end":{"line":12,"column":17}},"4":{"start":{"line":13,"column":2},"end":{"line":16,"column":25}},"5":{"start":{"line":14,"column":4},"end":{"line":14,"column":15}},"6":{"start":{"line":15,"column":4},"end":{"line":15,"column":40}},"7":{"start":{"line":17,"column":2},"end":{"line":17,"column":13}},"8":{"start":{"line":22,"column":23},"end":{"line":30,"column":1}},"9":{"start":{"line":32,"column":26},"end":{"line":69,"column":1}},"10":{"start":{"line":75,"column":17},"end":{"line":75,"column":38}},"11":{"start":{"line":76,"column":2},"end":{"line":78,"column":3}},"12":{"start":{"line":77,"column":4},"end":{"line":77,"column":60}},"13":{"start":{"line":79,"column":2},"end":{"line":79,"column":9}},"14":{"start":{"line":82,"column":0},"end":{"line":82,"column":79}}},"fnMap":{"0":{"name":"stripTags","decl":{"start":{"line":9,"column":9},"end":{"line":9,"column":18}},"loc":{"start":{"line":9,"column":26},"end":{"line":18,"column":1}},"line":9},"1":{"name":"handleValidationErrors","decl":{"start":{"line":74,"column":9},"end":{"line":74,"column":31}},"loc":{"start":{"line":74,"column":48},"end":{"line":80,"column":1}},"line":74}},"branchMap":{"0":{"loc":{"start":{"line":10,"column":2},"end":{"line":10,"column":46}},"type":"if","locations":[{"start":{"line":10,"column":2},"end":{"line":10,"column":46}},{"start":{},"end":{}}],"line":10},"1":{"loc":{"start":{"line":76,"column":2},"end":{"line":78,"column":3}},"type":"if","locations":[{"start":{"line":76,"column":2},"end":{"line":78,"column":3}},{"start":{},"end":{}}],"line":76}},"s":{"0":4,"1":33,"2":0,"3":33,"4":33,"5":38,"6":38,"7":33,"8":4,"9":4,"10":28,"11":28,"12":15,"13":13,"14":4},"f":{"0":33,"1":28},"b":{"0":[0,33],"1":[15,13]},"_coverageSchema":"1a1c01bbd47fc00a2c39e90264f33305004495a9","hash":"e2171b33477efc60c67b2d1b573878aa326aaed3"}
,"/home/runner/work/mannmitra/mannmitra/routes/admin.js": {"path":"/home/runner/work/mannmitra/mannmitra/routes/admin.js","statementMap":{"0":{"start":{"line":3,"column":16},"end":{"line":3,"column":34}},"1":{"start":{"line":4,"column":15},"end":{"line":4,"column":31}},"2":{"start":{"line":5,"column":13},"end":{"line":5,"column":28}},"3":{"start":{"line":6,"column":13},"end":{"line":6,"column":28}},"4":{"start":{"line":8,"column":13},"end":{"line":8,"column":23}},"5":{"start":{"line":9,"column":54},"end":{"line":9,"column":83}},"6":{"start":{"line":10,"column":48},"end":{"line":10,"column":70}},"7":{"start":{"line":11,"column":15},"end":{"line":11,"column":35}},"8":{"start":{"line":14,"column":0},"end":{"line":47,"column":3}},"9":{"start":{"line":15,"column":16},"end":{"line":15,"column":39}},"10":{"start":{"line":16,"column":16},"end":{"line":16,"column":42}},"11":{"start":{"line":17,"column":2},"end":{"line":46,"column":10}},"12":{"start":{"line":51,"column":16},"end":{"line":51,"column":30}},"13":{"start":{"line":52,"column":17},"end":{"line":52,"column":54}},"14":{"start":{"line":53,"column":2},"end":{"line":56,"column":3}},"15":{"start":{"line":54,"column":4},"end":{"line":54,"column":80}},"16":{"start":{"line":55,"column":4},"end":{"line":55,"column":85}},"17":{"start":{"line":57,"column":2},"end":{"line":57,"column":9}},"18":{"start":{"line":61,"column":0},"end":{"line":61,"column":87}},"19":{"start":{"line":64,"column":0},"end":{"line":64,"column":35}},"20":{"start":{"line":66,"column":31},"end":{"line":66,"column":65}},"21":{"start":{"line":69,"column":0},"end":{"line":69,"column":29}},"22":{"start":{"line":72,"column":0},"end":{"line":74,"column":3}},"23":{"start":{"line":73,"column":2},"end":{"line":73,"column":71}},"24":{"start":{"line":77,"column":0},"end":{"line":83,"column":3}},"25":{"start":{"line":78,"column":2},"end":{"line":82,"column":3}},"26":{"start":{"line":79,"column":4},"end":{"line":79,"column":31}},"27":{"start":{"line":81,"column":4},"end":{"line":81,"column":14}},"28":{"start":{"line":86,"column":0},"end":{"line":103,"column":3}},"29":{"start":{"line":87,"column":2},"end":{"line":102,"column":3}},"30":{"start":{"line":88,"column":19},"end":{"line":88,"column":29}},"31":{"start":{"line":89,"column":23},"end":{"line":89,"column":31}},"32":{"start":{"line":90,"column":20},"end":{"line":90,"column":72}},"33":{"start":{"line":91,"column":4},"end":{"line":93,"column":5}},"34":{"start":{"line":92,"column":6},"end":{"line":92,"column":93}},"35":{"start":{"line":94,"column":20},"end":{"line":94,"column":51}},"36":{"start":{"line":95,"column":4},"end":{"line":97,"column":5}},"37":{"start":{"line":96,"column":6},"end":{"line":96,"column":67}},"38":{"start":{"line":98,"column":4},"end":{"line":98,"column":58}},"39":{"start":{"line":99,"column":4},"end":{"line":99,"column":40}},"40":{"start":{"line":101,"column":4},"end":{"line":101,"column":14}},"41":{"start":{"line":106,"column":0},"end":{"line":122,"column":3}},"42":{"start":{"line":107,"column":2},"end":{"line":121,"column":3}},"43":{"start":{"line":108,"column":21},"end":{"line":108,"column":37}},"44":{"start":{"line":109,"column":19},"end":{"line":109,"column":81}},"45":{"start":{"line":110,"column":17},"end":{"line":114,"column":5}},"46":{"start":{"line":111,"column":6},"end":{"line":113,"column":18}},"47":{"start":{"line":112,"column":18},"end":{"line":112,"column":54}},"48":{"start":{"line":115,"column":16},"end":{"line":115,"column":46}},"49":{"start":{"line":116,"column":4},"end":{"line":116,"column":46}},"50":{"start":{"line":117,"column":4},"end":{"line":117,"column":80}},"51":{"start":{"line":118,"column":4},"end":{"line":118,"column":18}},"52":{"start":{"line":120,"column":4},"end":{"line":120,"column":14}},"53":{"start":{"line":124,"column":0},"end":{"line":124,"column":24}}},"fnMap":{"0":{"name":"(anonymous_0)","decl":{"start":{"line":14,"column":21},"end":{"line":14,"column":22}},"loc":{"start":{"line":14,"column":35},"end":{"line":47,"column":1}},"line":14},"1":{"name":"verifyCsrf","decl":{"start":{"line":50,"column":9},"end":{"line":50,"column":19}},"loc":{"start":{"line":50,"column":36},"end":{"line":58,"column":1}},"line":50},"2":{"name":"(anonymous_2)","decl":{"start":{"line":72,"column":16},"end":{"line":72,"column":17}},"loc":{"start":{"line":72,"column":30},"end":{"line":74,"column":1}},"line":72},"3":{"name":"(anonymous_3)","decl":{"start":{"line":77,"column":28},"end":{"line":77,"column":29}},"loc":{"start":{"line":77,"column":48},"end":{"line":83,"column":1}},"line":77},"4":{"name":"(anonymous_4)","decl":{"start":{"line":86,"column":57},"end":{"line":86,"column":58}},"loc":{"start":{"line":86,"column":77},"end":{"line":103,"column":1}},"line":86},"5":{"name":"(anonymous_5)","decl":{"start":{"line":106,"column":59},"end":{"line":106,"column":60}},"loc":{"start":{"line":106,"column":79},"end":{"line":122,"column":1}},"line":106},"6":{"name":"(anonymous_6)","decl":{"start":{"line":110,"column":30},"end":{"line":110,"column":31}},"loc":{"start":{"line":111,"column":6},"end":{"line":113,"column":18}},"line":111},"7":{"name":"(anonymous_7)","decl":{"start":{"line":112,"column":13},"end":{"line":112,"column":14}},"loc":{"start":{"line":112,"column":18},"end":{"line":112,"column":54}},"line":112}},"branchMap":{"0":{"loc":{"start":{"line":16,"column":16},"end":{"line":16,"column":42}},"type":"binary-expr","locations":[{"start":{"line":16,"column":16},"end":{"line":16,"column":36}},{"start":{"line":16,"column":40},"end":{"line":16,"column":42}}],"line":16},"1":{"loc":{"start":{"line":37,"column":6},"end":{"line":37,"column":83}},"type":"cond-expr","locations":[{"start":{"line":37,"column":14},"end":{"line":37,"column":78}},{"start":{"line":37,"column":81},"end":{"line":37,"column":83}}],"line":37},"2":{"loc":{"start":{"line":52,"column":17},"end":{"line":52,"column":54}},"type":"binary-expr","locations":[{"start":{"line":52,"column":17},"end":{"line":52,"column":28}},{"start":{"line":52,"column":32},"end":{"line":52,"column":54}}],"line":52},"3":{"loc":{"start":{"line":53,"column":2},"end":{"line":56,"column":3}},"type":"if","locations":[{"start":{"line":53,"column":2},"end":{"line":56,"column":3}},{"start":{},"end":{}}],"line":53},"4":{"loc":{"start":{"line":53,"column":6},"end":{"line":53,"column":54}},"type":"binary-expr","locations":[{"start":{"line":53,"column":6},"end":{"line":53,"column":13}},{"start":{"line":53,"column":17},"end":{"line":53,"column":23}},{"start":{"line":53,"column":27},"end":{"line":53,"column":54}}],"line":53},"5":{"loc":{"start":{"line":91,"column":4},"end":{"line":93,"column":5}},"type":"if","locations":[{"start":{"line":91,"column":4},"end":{"line":93,"column":5}},{"start":{},"end":{}}],"line":91},"6":{"loc":{"start":{"line":95,"column":4},"end":{"line":97,"column":5}},"type":"if","locations":[{"start":{"line":95,"column":4},"end":{"line":97,"column":5}},{"start":{},"end":{}}],"line":95}},"s":{"0":3,"1":3,"2":3,"3":3,"4":3,"5":3,"6":3,"7":3,"8":3,"9":20,"10":20,"11":20,"12":17,"13":17,"14":17,"15":2,"16":2,"17":15,"18":3,"19":3,"20":3,"21":3,"22":3,"23":0,"24":3,"25":1,"26":1,"27":0,"28":3,"29":6,"30":6,"31":6,"32":6,"33":6,"34":1,"35":5,"36":5,"37":1,"38":4,"39":4,"40":0,"41":3,"42":4,"43":4,"44":4,"45":4,"46":7,"47":56,"48":4,"49":4,"50":4,"51":4,"52":0,"53":3},"f":{"0":20,"1":17,"2":0,"3":1,"4":6,"5":4,"6":7,"7":56},"b":{"0":[20,0],"1":[1,19],"2":[17,17],"3":[2,15],"4":[17,17,16],"5":[1,5],"6":[1,4]},"_coverageSchema":"1a1c01bbd47fc00a2c39e90264f33305004495a9","hash":"f55f031861c62cd221310d69f5b069acf7bfd619"}
,"/home/runner/work/mannmitra/mannmitra/routes/api.js": {"path":"/home/runner/work/mannmitra/mannmitra/routes/api.js","statementMap":{"0":{"start":{"line":3,"column":16},"end":{"line":3,"column":34}},"1":{"start":{"line":4,"column":15},"end":{"line":4,"column":31}},"2":{"start":{"line":6,"column":37},"end":{"line":6,"column":71}},"3":{"start":{"line":7,"column":70},"end":{"line":7,"column":103}},"4":{"start":{"line":8,"column":48},"end":{"line":8,"column":70}},"5":{"start":{"line":9,"column":56},"end":{"line":9,"column":75}},"6":{"start":{"line":10,"column":15},"end":{"line":10,"column":35}},"7":{"start":{"line":13,"column":24},"end":{"line":23,"column":1}},"8":{"start":{"line":26,"column":16},"end":{"line":26,"column":34}},"9":{"start":{"line":27,"column":2},"end":{"line":27,"column":56}},"10":{"start":{"line":27,"column":36},"end":{"line":27,"column":54}},"11":{"start":{"line":31,"column":18},"end":{"line":151,"column":1}},"12":{"start":{"line":154,"column":16},"end":{"line":154,"column":37}},"13":{"start":{"line":155,"column":2},"end":{"line":160,"column":3}},"14":{"start":{"line":156,"column":4},"end":{"line":159,"column":5}},"15":{"start":{"line":156,"column":32},"end":{"line":156,"column":49}},"16":{"start":{"line":157,"column":26},"end":{"line":157,"column":30}},"17":{"start":{"line":158,"column":6},"end":{"line":158,"column":65}},"18":{"start":{"line":161,"column":19},"end":{"line":165,"column":3}},"19":{"start":{"line":166,"column":2},"end":{"line":166,"column":63}},"20":{"start":{"line":170,"column":0},"end":{"line":192,"column":3}},"21":{"start":{"line":171,"column":2},"end":{"line":191,"column":3}},"22":{"start":{"line":172,"column":20},"end":{"line":172,"column":43}},"23":{"start":{"line":173,"column":19},"end":{"line":173,"column":40}},"24":{"start":{"line":174,"column":18},"end":{"line":174,"column":38}},"25":{"start":{"line":176,"column":21},"end":{"line":176,"column":38}},"26":{"start":{"line":177,"column":4},"end":{"line":185,"column":5}},"27":{"start":{"line":178,"column":6},"end":{"line":184,"column":110}},"28":{"start":{"line":187,"column":4},"end":{"line":187,"column":85}},"29":{"start":{"line":188,"column":4},"end":{"line":188,"column":23}},"30":{"start":{"line":190,"column":4},"end":{"line":190,"column":14}},"31":{"start":{"line":195,"column":0},"end":{"line":228,"column":3}},"32":{"start":{"line":196,"column":2},"end":{"line":227,"column":3}},"33":{"start":{"line":197,"column":59},"end":{"line":197,"column":67}},"34":{"start":{"line":199,"column":20},"end":{"line":208,"column":5}},"35":{"start":{"line":210,"column":4},"end":{"line":210,"column":27}},"36":{"start":{"line":211,"column":4},"end":{"line":211,"column":88}},"37":{"start":{"line":214,"column":4},"end":{"line":216,"column":6}},"38":{"start":{"line":215,"column":6},"end":{"line":215,"column":76}},"39":{"start":{"line":217,"column":4},"end":{"line":219,"column":6}},"40":{"start":{"line":218,"column":6},"end":{"line":218,"column":77}},"41":{"start":{"line":221,"column":4},"end":{"line":224,"column":7}},"42":{"start":{"line":226,"column":4},"end":{"line":226,"column":14}},"43":{"start":{"line":231,"column":29},"end":{"line":231,"column":58}},"44":{"start":{"line":232,"column":27},"end":{"line":232,"column":49}},"45":{"start":{"line":234,"column":0},"end":{"line":240,"column":3}},"46":{"start":{"line":235,"column":2},"end":{"line":239,"column":3}},"47":{"start":{"line":236,"column":4},"end":{"line":236,"column":31}},"48":{"start":{"line":238,"column":4},"end":{"line":238,"column":14}},"49":{"start":{"line":242,"column":0},"end":{"line":242,"column":24}},"50":{"start":{"line":243,"column":0},"end":{"line":243,"column":43}},"51":{"start":{"line":244,"column":0},"end":{"line":244,"column":41}}},"fnMap":{"0":{"name":"detectCrisis","decl":{"start":{"line":25,"column":9},"end":{"line":25,"column":21}},"loc":{"start":{"line":25,"column":28},"end":{"line":28,"column":1}},"line":25},"1":{"name":"(anonymous_1)","decl":{"start":{"line":27,"column":30},"end":{"line":27,"column":31}},"loc":{"start":{"line":27,"column":36},"end":{"line":27,"column":54}},"line":27},"2":{"name":"getResponse","decl":{"start":{"line":153,"column":9},"end":{"line":153,"column":20}},"loc":{"start":{"line":153,"column":30},"end":{"line":167,"column":1}},"line":153},"3":{"name":"(anonymous_3)","decl":{"start":{"line":156,"column":27},"end":{"line":156,"column":28}},"loc":{"start":{"line":156,"column":32},"end":{"line":156,"column":49}},"line":156},"4":{"name":"(anonymous_4)","decl":{"start":{"line":170,"column":74},"end":{"line":170,"column":75}},"loc":{"start":{"line":170,"column":94},"end":{"line":192,"column":1}},"line":170},"5":{"name":"(anonymous_5)","decl":{"start":{"line":195,"column":77},"end":{"line":195,"column":78}},"loc":{"start":{"line":195,"column":103},"end":{"line":228,"column":1}},"line":195},"6":{"name":"(anonymous_6)","decl":{"start":{"line":214,"column":40},"end":{"line":214,"column":41}},"loc":{"start":{"line":215,"column":6},"end":{"line":215,"column":76}},"line":215},"7":{"name":"(anonymous_7)","decl":{"start":{"line":217,"column":41},"end":{"line":217,"column":42}},"loc":{"start":{"line":218,"column":6},"end":{"line":218,"column":77}},"line":218},"8":{"name":"(anonymous_8)","decl":{"start":{"line":234,"column":42},"end":{"line":234,"column":43}},"loc":{"start":{"line":234,"column":62},"end":{"line":240,"column":1}},"line":234}},"branchMap":{"0":{"loc":{"start":{"line":156,"column":4},"end":{"line":159,"column":5}},"type":"if","locations":[{"start":{"line":156,"column":4},"end":{"line":159,"column":5}},{"start":{},"end":{}}],"line":156},"1":{"loc":{"start":{"line":177,"column":4},"end":{"line":185,"column":5}},"type":"if","locations":[{"start":{"line":177,"column":4},"end":{"line":185,"column":5}},{"start":{},"end":{}}],"line":177},"2":{"loc":{"start":{"line":204,"column":21},"end":{"line":204,"column":48}},"type":"binary-expr","locations":[{"start":{"line":204,"column":21},"end":{"line":204,"column":34}},{"start":{"line":204,"column":38},"end":{"line":204,"column":48}}],"line":204},"3":{"loc":{"start":{"line":205,"column":15},"end":{"line":205,"column":28}},"type":"binary-expr","locations":[{"start":{"line":205,"column":15},"end":{"line":205,"column":22}},{"start":{"line":205,"column":26},"end":{"line":205,"column":28}}],"line":205}},"s":{"0":3,"1":3,"2":3,"3":3,"4":3,"5":3,"6":3,"7":3,"8":28,"9":28,"10":379,"11":3,"12":15,"13":15,"14":102,"15":646,"16":13,"17":13,"18":2,"19":2,"20":3,"21":3,"22":3,"23":3,"24":3,"25":3,"26":3,"27":1,"28":3,"29":3,"30":0,"31":3,"32":2,"33":2,"34":2,"35":2,"36":2,"37":2,"38":0,"39":2,"40":0,"41":2,"42":0,"43":3,"44":3,"45":3,"46":0,"47":0,"48":0,"49":3,"50":3,"51":3},"f":{"0":28,"1":379,"2":15,"3":646,"4":3,"5":2,"6":0,"7":0,"8":0},"b":{"0":[13,89],"1":[1,2],"2":[2,1],"3":[2,1]},"_coverageSchema":"1a1c01bbd47fc00a2c39e90264f33305004495a9","hash":"44b7a0a5d7e1a4f297a01b4e9b8b9b44180d56fa"}
,"/home/runner/work/mannmitra/mannmitra/routes/wisdom.js": {"path":"/home/runner/work/mannmitra/mannmitra/routes/wisdom.js","statementMap":{"0":{"start":{"line":3,"column":16},"end":{"line":3,"column":34}},"1":{"start":{"line":4,"column":15},"end":{"line":4,"column":31}},"2":{"start":{"line":6,"column":26},"end":{"line":6,"column":60}},"3":{"start":{"line":14,"column":4},"end":{"line":14,"column":27}},"4":{"start":{"line":22,"column":4},"end":{"line":22,"column":28}},"5":{"start":{"line":23,"column":15},"end":{"line":23,"column":35}},"6":{"start":{"line":26,"column":0},"end":{"line":30,"column":3}},"7":{"start":{"line":27,"column":16},"end":{"line":27,"column":31}},"8":{"start":{"line":28,"column":2},"end":{"line":28,"column":89}},"9":{"start":{"line":29,"column":2},"end":{"line":29,"column":43}},"10":{"start":{"line":33,"column":0},"end":{"line":35,"column":3}},"11":{"start":{"line":34,"column":2},"end":{"line":34,"column":51}},"12":{"start":{"line":38,"column":0},"end":{"line":45,"column":3}},"13":{"start":{"line":39,"column":20},"end":{"line":39,"column":29}},"14":{"start":{"line":40,"column":2},"end":{"line":43,"column":3}},"15":{"start":{"line":41,"column":21},"end":{"line":41,"column":44}},"16":{"start":{"line":42,"column":4},"end":{"line":42,"column":79}},"17":{"start":{"line":44,"column":2},"end":{"line":44,"column":76}},"18":{"start":{"line":48,"column":0},"end":{"line":58,"column":3}},"19":{"start":{"line":49,"column":18},"end":{"line":49,"column":50}},"20":{"start":{"line":50,"column":2},"end":{"line":52,"column":3}},"21":{"start":{"line":51,"column":4},"end":{"line":51,"column":105}},"22":{"start":{"line":53,"column":17},"end":{"line":53,"column":44}},"23":{"start":{"line":54,"column":2},"end":{"line":56,"column":3}},"24":{"start":{"line":55,"column":4},"end":{"line":55,"column":111}},"25":{"start":{"line":57,"column":2},"end":{"line":57,"column":66}},"26":{"start":{"line":61,"column":0},"end":{"line":73,"column":3}},"27":{"start":{"line":62,"column":18},"end":{"line":62,"column":50}},"28":{"start":{"line":63,"column":16},"end":{"line":63,"column":46}},"29":{"start":{"line":64,"column":2},"end":{"line":66,"column":3}},"30":{"start":{"line":65,"column":4},"end":{"line":65,"column":103}},"31":{"start":{"line":67,"column":16},"end":{"line":67,"column":40}},"32":{"start":{"line":68,"column":2},"end":{"line":70,"column":3}},"33":{"start":{"line":69,"column":4},"end":{"line":69,"column":94}},"34":{"start":{"line":71,"column":2},"end":{"line":71,"column":55}},"35":{"start":{"line":72,"column":2},"end":{"line":72,"column":43}},"36":{"start":{"line":76,"column":0},"end":{"line":80,"column":3}},"37":{"start":{"line":77,"column":16},"end":{"line":77,"column":31}},"38":{"start":{"line":78,"column":2},"end":{"line":78,"column":86}},"39":{"start":{"line":79,"column":2},"end":{"line":79,"column":43}},"40":{"start":{"line":83,"column":0},"end":{"line":86,"column":3}},"41":{"start":{"line":84,"column":16},"end":{"line":84,"column":32}},"42":{"start":{"line":85,"column":2},"end":{"line":85,"column":43}},"43":{"start":{"line":89,"column":0},"end":{"line":91,"column":3}},"44":{"start":{"line":90,"column":2},"end":{"line":90,"column":48}},"45":{"start":{"line":94,"column":0},"end":{"line":104,"column":3}},"46":{"start":{"line":95,"column":23},"end":{"line":95,"column":33}},"47":{"start":{"line":96,"column":2},"end":{"line":101,"column":3}},"48":{"start":{"line":97,"column":4},"end":{"line":100,"column":7}},"49":{"start":{"line":102,"column":17},"end":{"line":102,"column":46}},"50":{"start":{"line":103,"column":2},"end":{"line":103,"column":66}},"51":{"start":{"line":107,"column":0},"end":{"line":117,"column":3}},"52":{"start":{"line":108,"column":13},"end":{"line":108,"column":40}},"53":{"start":{"line":109,"column":2},"end":{"line":111,"column":3}},"54":{"start":{"line":110,"column":4},"end":{"line":110,"column":89}},"55":{"start":{"line":112,"column":16},"end":{"line":112,"column":32}},"56":{"start":{"line":113,"column":2},"end":{"line":115,"column":3}},"57":{"start":{"line":114,"column":4},"end":{"line":114,"column":79}},"58":{"start":{"line":116,"column":2},"end":{"line":116,"column":43}},"59":{"start":{"line":120,"column":0},"end":{"line":133,"column":3}},"60":{"start":{"line":121,"column":23},"end":{"line":121,"column":32}},"61":{"start":{"line":122,"column":2},"end":{"line":131,"column":3}},"62":{"start":{"line":123,"column":4},"end":{"line":128,"column":5}},"63":{"start":{"line":124,"column":6},"end":{"line":127,"column":9}},"64":{"start":{"line":129,"column":19},"end":{"line":129,"column":48}},"65":{"start":{"line":130,"column":4},"end":{"line":130,"column":75}},"66":{"start":{"line":132,"column":2},"end":{"line":132,"column":78}},"67":{"start":{"line":135,"column":0},"end":{"line":135,"column":24}}},"fnMap":{"0":{"name":"(anonymous_0)","decl":{"start":{"line":26,"column":41},"end":{"line":26,"column":42}},"loc":{"start":{"line":26,"column":55},"end":{"line":30,"column":1}},"line":26},"1":{"name":"(anonymous_1)","decl":{"start":{"line":33,"column":44},"end":{"line":33,"column":45}},"loc":{"start":{"line":33,"column":58},"end":{"line":35,"column":1}},"line":33},"2":{"name":"(anonymous_2)","decl":{"start":{"line":38,"column":42},"end":{"line":38,"column":43}},"loc":{"start":{"line":38,"column":56},"end":{"line":45,"column":1}},"line":38},"3":{"name":"(anonymous_3)","decl":{"start":{"line":48,"column":52},"end":{"line":48,"column":53}},"loc":{"start":{"line":48,"column":66},"end":{"line":58,"column":1}},"line":48},"4":{"name":"(anonymous_4)","decl":{"start":{"line":61,"column":51},"end":{"line":61,"column":52}},"loc":{"start":{"line":61,"column":65},"end":{"line":73,"column":1}},"line":61},"5":{"name":"(anonymous_5)","decl":{"start":{"line":76,"column":42},"end":{"line":76,"column":43}},"loc":{"start":{"line":76,"column":56},"end":{"line":80,"column":1}},"line":76},"6":{"name":"(anonymous_6)","decl":{"start":{"line":83,"column":43},"end":{"line":83,"column":44}},"loc":{"start":{"line":83,"column":57},"end":{"line":86,"column":1}},"line":83},"7":{"name":"(anonymous_7)","decl":{"start":{"line":89,"column":47},"end":{"line":89,"column":48}},"loc":{"start":{"line":89,"column":61},"end":{"line":91,"column":1}},"line":89},"8":{"name":"(anonymous_8)","decl":{"start":{"line":94,"column":55},"end":{"line":94,"column":56}},"loc":{"start":{"line":94,"column":69},"end":{"line":104,"column":1}},"line":94},"9":{"name":"(anonymous_9)","decl":{"start":{"line":107,"column":40},"end":{"line":107,"column":41}},"loc":{"start":{"line":107,"column":54},"end":{"line":117,"column":1}},"line":107},"10":{"name":"(anonymous_10)","decl":{"start":{"line":120,"column":36},"end":{"line":120,"column":37}},"loc":{"start":{"line":120,"column":50},"end":{"line":133,"column":1}},"line":120}},"branchMap":{"0":{"loc":{"start":{"line":40,"column":2},"end":{"line":43,"column":3}},"type":"if","locations":[{"start":{"line":40,"column":2},"end":{"line":43,"column":3}},{"start":{},"end":{}}],"line":40},"1":{"loc":{"start":{"line":50,"column":2},"end":{"line":52,"column":3}},"type":"if","locations":[{"start":{"line":50,"column":2},"end":{"line":52,"column":3}},{"start":{},"end":{}}],"line":50},"2":{"loc":{"start":{"line":50,"column":6},"end":{"line":50,"column":51}},"type":"binary-expr","locations":[{"start":{"line":50,"column":6},"end":{"line":50,"column":20}},{"start":{"line":50,"column":24},"end":{"line":50,"column":35}},{"start":{"line":50,"column":39},"end":{"line":50,"column":51}}],"line":50},"3":{"loc":{"start":{"line":54,"column":2},"end":{"line":56,"column":3}},"type":"if","locations":[{"start":{"line":54,"column":2},"end":{"line":56,"column":3}},{"start":{},"end":{}}],"line":54},"4":{"loc":{"start":{"line":64,"column":2},"end":{"line":66,"column":3}},"type":"if","locations":[{"start":{"line":64,"column":2},"end":{"line":66,"column":3}},{"start":{},"end":{}}],"line":64},"5":{"loc":{"start":{"line":64,"column":6},"end":{"line":64,"column":36}},"type":"binary-expr","locations":[{"start":{"line":64,"column":6},"end":{"line":64,"column":20}},{"start":{"line":64,"column":24},"end":{"line":64,"column":36}}],"line":64},"6":{"loc":{"start":{"line":68,"column":2},"end":{"line":70,"column":3}},"type":"if","locations":[{"start":{"line":68,"column":2},"end":{"line":70,"column":3}},{"start":{},"end":{}}],"line":68},"7":{"loc":{"start":{"line":96,"column":2},"end":{"line":101,"column":3}},"type":"if","locations":[{"start":{"line":96,"column":2},"end":{"line":101,"column":3}},{"start":{},"end":{}}],"line":96},"8":{"loc":{"start":{"line":109,"column":2},"end":{"line":111,"column":3}},"type":"if","locations":[{"start":{"line":109,"column":2},"end":{"line":111,"column":3}},{"start":{},"end":{}}],"line":109},"9":{"loc":{"start":{"line":113,"column":2},"end":{"line":115,"column":3}},"type":"if","locations":[{"start":{"line":113,"column":2},"end":{"line":115,"column":3}},{"start":{},"end":{}}],"line":113},"10":{"loc":{"start":{"line":122,"column":2},"end":{"line":131,"column":3}},"type":"if","locations":[{"start":{"line":122,"column":2},"end":{"line":131,"column":3}},{"start":{},"end":{}}],"line":122},"11":{"loc":{"start":{"line":123,"column":4},"end":{"line":128,"column":5}},"type":"if","locations":[{"start":{"line":123,"column":4},"end":{"line":128,"column":5}},{"start":{},"end":{}}],"line":123}},"s":{"0":3,"1":3,"2":3,"3":3,"4":3,"5":3,"6":3,"7":1,"8":1,"9":1,"10":3,"11":1,"12":3,"13":2,"14":2,"15":1,"16":1,"17":1,"18":3,"19":3,"20":3,"21":1,"22":2,"23":2,"24":1,"25":1,"26":3,"27":3,"28":3,"29":3,"30":1,"31":2,"32":2,"33":1,"34":1,"35":1,"36":3,"37":1,"38":1,"39":1,"40":3,"41":1,"42":1,"43":3,"44":1,"45":3,"46":2,"47":2,"48":1,"49":1,"50":1,"51":3,"52":3,"53":3,"54":1,"55":2,"56":2,"57":1,"58":1,"59":3,"60":3,"61":3,"62":2,"63":1,"64":1,"65":1,"66":1,"67":3},"f":{"0":1,"1":1,"2":2,"3":3,"4":3,"5":1,"6":1,"7":1,"8":2,"9":3,"10":3},"b":{"0":[1,1],"1":[1,2],"2":[3,3,3],"3":[1,1],"4":[1,2],"5":[3,2],"6":[1,1],"7":[1,1],"8":[1,2],"9":[1,1],"10":[2,1],"11":[1,1]},"_coverageSchema":"1a1c01bbd47fc00a2c39e90264f33305004495a9","hash":"0a54346581a0be0205aba5fe4e4edd7001991972"}
}
