TN:
SF:config.js
FNF:0
FNH:0
DA:3,7
DA:5,7
LF:2
LH:2
BRDA:6,0,0,7
BRDA:6,0,1,7
BRDA:7,1,0,7
BRDA:7,1,1,0
BRDA:8,2,0,7
BRDA:8,2,1,1
BRDA:10,3,0,7
BRDA:10,3,1,6
BRDA:11,4,0,7
BRDA:11,4,1,6
BRDA:12,5,0,7
BRDA:12,5,1,7
BRDA:13,6,0,7
BRDA:13,6,1,7
BRDA:15,7,0,7
BRDA:15,7,1,6
BRDA:16,8,0,7
BRDA:16,8,1,7
BRF:18
BRH:17
end_of_record
TN:
SF:database.js
FN:9,getDb
FN:19,initSchema
FN:43,insertBooking
FN:52,getAllBookings
FN:56,getBookingById
FN:60,updateBookingStatus
FN:67,bookingExistsByEmail
FN:76,closeDb
FNF:8
FNH:8
FNDA:33,getDb
FNDA:3,initSchema
FNDA:11,insertBooking
FNDA:7,getAllBookings
FNDA:3,getBookingById
FNDA:7,updateBookingStatus
FNDA:2,bookingExistsByEmail
FNDA:3,closeDb
DA:3,4
DA:4,4
DA:5,4
DA:10,33
DA:11,3
DA:12,3
DA:13,3
DA:14,3
DA:16,33
DA:20,3
DA:38,3
DA:44,11
DA:48,11
DA:49,11
DA:53,7
DA:57,3
DA:61,7
DA:64,7
DA:68,2
DA:71,2
DA:77,3
DA:78,3
DA:79,3
DA:83,4
LF:24
LH:24
BRDA:10,0,0,3
BRDA:10,0,1,30
BRDA:77,1,0,3
BRDA:77,1,1,0
BRF:4
BRH:3
end_of_record
TN:
SF:email.js
FN:7,createTransport
FN:27,sendUserConfirmation
FN:61,sendAdminNotification
FNF:3
FNH:3
FNDA:7,createTransport
FNDA:4,sendUserConfirmation
FNDA:3,sendAdminNotification
DA:3,6
DA:4,6
DA:5,6
DA:8,7
DA:9,6
DA:10,6
DA:12,1
DA:21,6
DA:28,4
DA:29,1
DA:49,1
DA:50,1
DA:51,1
DA:53,0
DA:62,3
DA:63,0
DA:82,0
DA:83,0
DA:84,0
DA:86,0
DA:90,6
LF:21
LH:15
BRDA:8,0,0,6
BRDA:8,0,1,1
BRDA:8,1,0,7
BRDA:8,1,1,1
BRDA:28,2,0,3
BRDA:28,2,1,1
BRDA:39,3,0,1
BRDA:39,3,1,0
BRDA:62,4,0,3
BRDA:62,4,1,0
BRDA:62,5,0,3
BRDA:62,5,1,0
BRDA:75,6,0,0
BRDA:75,6,1,0
BRDA:78,7,0,0
BRDA:78,7,1,0
BRF:16
BRH:9
end_of_record
TN:
SF:logger.js
FNF:0
FNH:0
DA:3,8
DA:4,8
DA:5,8
DA:7,8
DA:9,8
DA:39,8
DA:40,8
DA:47,8
LF:8
LH:8
BRDA:10,0,0,0
BRDA:10,0,1,8
BRDA:39,1,0,8
BRDA:39,1,1,0
BRF:4
BRH:2
end_of_record
TN:
SF:server.js
FN:71,(anonymous_0)
FN:80,(anonymous_1)
FN:98,(anonymous_2)
FNF:3
FNH:2
FNDA:89,(anonymous_0)
FNDA:89,(anonymous_1)
FNDA:0,(anonymous_2)
DA:3,3
DA:5,3
DA:6,3
DA:7,3
DA:8,3
DA:9,3
DA:10,3
DA:12,3
DA:13,3
DA:15,3
DA:16,3
DA:17,3
DA:18,3
DA:19,3
DA:20,3
DA:22,3
DA:25,3
DA:42,3
DA:45,3
DA:46,3
DA:49,3
DA:54,3
DA:71,3
DA:72,89
DA:73,59
DA:75,89
DA:76,89
DA:80,3
DA:81,89
DA:82,89
DA:86,3
DA:89,3
DA:90,3
DA:91,3
DA:94,3
DA:97,3
DA:98,0
DA:99,0
DA:103,3
LF:39
LH:37
BRDA:72,0,0,59
BRDA:72,0,1,30
BRDA:97,1,0,0
BRDA:97,1,1,3
BRF:4
BRH:3
end_of_record
TN:
SF:data/gita.js
FN:209,getDailyVerse
FN:219,getVerse
FN:221,(anonymous_2)
FN:228,getChapters
FN:243,getVersesByChapter
FN:244,(anonymous_5)
FN:250,getVersesByTheme
FN:252,(anonymous_7)
FNF:8
FNH:8
FNDA:2,getDailyVerse
FNDA:4,getVerse
FNDA:36,(anonymous_2)
FNDA:2,getChapters
FNDA:4,getVersesByChapter
FNDA:60,(anonymous_5)
FNDA:2,getVersesByTheme
FNDA:30,(anonymous_7)
DA:8,3
DA:210,2
DA:213,2
DA:220,4
DA:221,36
DA:229,2
DA:230,2
DA:231,2
DA:232,30
DA:233,16
DA:234,16
DA:237,2
DA:244,60
DA:251,2
DA:252,30
DA:255,3
LF:16
LH:16
BRDA:221,0,0,4
BRDA:221,0,1,2
BRDA:221,1,0,36
BRDA:221,1,1,6
BRDA:232,2,0,16
BRDA:232,2,1,14
BRF:6
BRH:6
end_of_record
TN:
SF:data/naval.js
FN:256,getDailyQuote
FN:266,getRandomQuote
FN:273,getQuotesByCategory
FN:274,(anonymous_3)
FN:280,getQuoteById
FN:281,(anonymous_5)
FNF:6
FNH:6
FNDA:2,getDailyQuote
FNDA:2,getRandomQuote
FNDA:3,getQuotesByCategory
FNDA:90,(anonymous_3)
FNDA:4,getQuoteById
FNDA:62,(anonymous_5)
DA:8,3
DA:251,3
DA:257,2
DA:260,2
DA:267,2
DA:274,90
DA:281,62
DA:284,3
LF:8
LH:8
BRDA:281,0,0,4
BRDA:281,0,1,2
BRF:2
BRH:2
end_of_record
TN:
SF:middleware/auth.js
FN:8,requireAdminAuth
FN:24,adminLogin
FN:36,adminLogout
FN:37,(anonymous_3)
FNF:4
FNH:4
FNDA:18,requireAdminAuth
FNDA:15,adminLogin
FNDA:2,adminLogout
FNDA:2,(anonymous_3)
DA:3,3
DA:9,18
DA:10,11
DA:14,7
DA:15,7
DA:16,5
DA:18,2
DA:25,15
DA:26,15
DA:27,14
DA:28,14
DA:30,1
DA:37,2
DA:38,2
DA:42,3
LF:15
LH:15
BRDA:9,0,0,11
BRDA:9,0,1,7
BRDA:9,1,0,18
BRDA:9,1,1,18
BRDA:14,2,0,7
BRDA:14,2,1,6
BRDA:15,3,0,5
BRDA:15,3,1,2
BRDA:26,4,0,14
BRDA:26,4,1,1
BRF:10
BRH:10
end_of_record
TN:
SF:middleware/errorHandler.js
FN:10,errorHandler
FNF:1
FNH:1
FNDA:5,errorHandler
DA:3,4
DA:11,5
DA:18,5
DA:20,5
DA:24,5
DA:27,4
LF:6
LH:6
BRDA:18,0,0,5
BRDA:18,0,1,4
BRDA:18,0,2,3
BRDA:20,1,0,1
BRDA:20,1,1,4
BRF:5
BRH:5
end_of_record
TN:
SF:middleware/rateLimit.js
FN:14,(anonymous_0)
FN:30,(anonymous_1)
FN:46,(anonymous_2)
FN:62,(anonymous_3)
FNF:4
FNH:0
FNDA:0,(anonymous_0)
FNDA:0,(anonymous_1)
FNDA:0,(anonymous_2)
FNDA:0,(anonymous_3)
DA:3,3
DA:4,3
DA:9,3
DA:15,0
DA:16,0
DA:25,3
DA:31,0
DA:32,0
DA:41,3
DA:47,0
DA:48,0
DA:57,3
DA:63,0
DA:64,0
DA:70,3
LF:15
LH:7
BRF:0
BRH:0
end_of_record
TN:
SF:middleware/sanitize.js
FN:9,stripTags
FN:74,handleValidationErrors
FNF:2
FNH:2
FNDA:33,stripTags
FNDA:28,handleValidationErrors
DA:3,4
DA:10,33
DA:12,33
DA:13,33
DA:14,38
DA:15,38
DA:17,33
DA:22,4
DA:32,4
DA:75,28
DA:76,28
DA:77,15
DA:79,13
DA:82,4
LF:14
LH:14
BRDA:10,0,0,0
BRDA:10,0,1,33
BRDA:76,1,0,15
BRDA:76,1,1,13
BRF:4
BRH:3
end_of_record
TN:
SF:routes/admin.js
FN:14,(anonymous_0)
FN:50,verifyCsrf
FN:72,(anonymous_2)
FN:77,(anonymous_3)
FN:86,(anonymous_4)
FN:106,(anonymous_5)
FN:110,(anonymous_6)
FN:112,(anonymous_7)
FNF:8
FNH:7
FNDA:20,(anonymous_0)
FNDA:17,verifyCsrf
FNDA:0,(anonymous_2)
FNDA:1,(anonymous_3)
FNDA:6,(anonymous_4)
FNDA:4,(anonymous_5)
FNDA:7,(anonymous_6)
FNDA:56,(anonymous_7)
DA:3,3
DA:4,3
DA:5,3
DA:6,3
DA:8,3
DA:9,3
DA:10,3
DA:11,3
DA:14,3
DA:15,20
DA:16,20
DA:17,20
DA:51,17
DA:52,17
DA:53,17
DA:54,2
DA:55,2
DA:57,15
DA:61,3
DA:64,3
DA:66,3
DA:69,3
DA:72,3
DA:73,0
DA:77,3
DA:78,1
DA:79,1
DA:81,0
DA:86,3
DA:87,6
DA:88,6
DA:89,6
DA:90,6
DA:91,6
DA:92,1
DA:94,5
DA:95,5
DA:96,1
DA:98,4
DA:99,4
DA:101,0
DA:106,3
DA:107,4
DA:108,4
DA:109,4
DA:110,4
DA:111,7
DA:112,56
DA:115,4
DA:116,4
DA:117,4
DA:118,4
DA:120,0
DA:124,3
LF:54
LH:50
BRDA:16,0,0,20
BRDA:16,0,1,0
BRDA:37,1,0,1
BRDA:37,1,1,19
BRDA:52,2,0,17
BRDA:52,2,1,17
BRDA:53,3,0,2
BRDA:53,3,1,15
BRDA:53,4,0,17
BRDA:53,4,1,17
BRDA:53,4,2,16
BRDA:91,5,0,1
BRDA:91,5,1,5
BRDA:95,6,0,1
BRDA:95,6,1,4
BRF:15
BRH:14
end_of_record
TN:
SF:routes/api.js
FN:25,detectCrisis
FN:27,(anonymous_1)
FN:153,getResponse
FN:156,(anonymous_3)
FN:170,(anonymous_4)
FN:195,(anonymous_5)
FN:214,(anonymous_6)
FN:217,(anonymous_7)
FN:234,(anonymous_8)
FNF:9
FNH:6
FNDA:28,detectCrisis
FNDA:379,(anonymous_1)
FNDA:15,getResponse
FNDA:646,(anonymous_3)
FNDA:3,(anonymous_4)
FNDA:2,(anonymous_5)
FNDA:0,(anonymous_6)
FNDA:0,(anonymous_7)
FNDA:0,(anonymous_8)
DA:3,3
DA:4,3
DA:6,3
DA:7,3
DA:8,3
DA:9,3
DA:10,3
DA:13,3
DA:26,28
DA:27,379
DA:31,3
DA:154,15
DA:155,15
DA:156,646
DA:157,13
DA:158,13
DA:161,2
DA:166,2
DA:170,3
DA:171,3
DA:172,3
DA:173,3
DA:174,3
DA:176,3
DA:177,3
DA:178,1
DA:187,3
DA:188,3
DA:190,0
DA:195,3
DA:196,2
DA:197,2
DA:199,2
DA:210,2
DA:211,2
DA:214,2
DA:215,0
DA:217,2
DA:218,0
DA:221,2
DA:226,0
DA:231,3
DA:232,3
DA:234,3
DA:235,0
DA:236,0
DA:238,0
DA:242,3
DA:243,3
DA:244,3
LF:50
LH:43
BRDA:156,0,0,13
BRDA:156,0,1,89
BRDA:177,1,0,1
BRDA:177,1,1,2
BRDA:204,2,0,2
BRDA:204,2,1,1
BRDA:205,3,0,2
BRDA:205,3,1,1
BRF:8
BRH:8
end_of_record
TN:
SF:routes/wisdom.js
FN:26,(anonymous_0)
FN:33,(anonymous_1)
FN:38,(anonymous_2)
FN:48,(anonymous_3)
FN:61,(anonymous_4)
FN:76,(anonymous_5)
FN:83,(anonymous_6)
FN:89,(anonymous_7)
FN:94,(anonymous_8)
FN:107,(anonymous_9)
FN:120,(anonymous_10)
FNF:11
FNH:11
FNDA:1,(anonymous_0)
FNDA:1,(anonymous_1)
FNDA:2,(anonymous_2)
FNDA:3,(anonymous_3)
FNDA:3,(anonymous_4)
FNDA:1,(anonymous_5)
FNDA:1,(anonymous_6)
FNDA:1,(anonymous_7)
FNDA:2,(anonymous_8)
FNDA:3,(anonymous_9)
FNDA:3,(anonymous_10)
DA:3,3
DA:4,3
DA:6,3
DA:14,3
DA:22,3
DA:23,3
DA:26,3
DA:27,1
DA:28,1
DA:29,1
DA:33,3
DA:34,1
DA:38,3
DA:39,2
DA:40,2
DA:41,1
DA:42,1
DA:44,1
DA:48,3
DA:49,3
DA:50,3
DA:51,1
DA:53,2
DA:54,2
DA:55,1
DA:57,1
DA:61,3
DA:62,3
DA:63,3
DA:64,3
DA:65,1
DA:67,2
DA:68,2
DA:69,1
DA:71,1
DA:72,1
DA:76,3
DA:77,1
DA:78,1
DA:79,1
DA:83,3
DA:84,1
DA:85,1
DA:89,3
DA:90,1
DA:94,3
DA:95,2
DA:96,2
DA:97,1
DA:102,1
DA:103,1
DA:107,3
DA:108,3
DA:109,3
DA:110,1
DA:112,2
DA:113,2
DA:114,1
DA:116,1
DA:120,3
DA:121,3
DA:122,3
DA:123,2
DA:124,1
DA:129,1
DA:130,1
DA:132,1
DA:135,3
LF:68
LH:68
BRDA:40,0,0,1
BRDA:40,0,1,1
BRDA:50,1,0,1
BRDA:50,1,1,2
BRDA:50,2,0,3
BRDA:50,2,1,3
BRDA:50,2,2,3
BRDA:54,3,0,1
BRDA:54,3,1,1
BRDA:64,4,0,1
BRDA:64,4,1,2
BRDA:64,5,0,3
BRDA:64,5,1,2
BRDA:68,6,0,1
BRDA:68,6,1,1
BRDA:96,7,0,1
BRDA:96,7,1,1
BRDA:109,8,0,1
BRDA:109,8,1,2
BRDA:113,9,0,1
BRDA:113,9,1,1
BRDA:122,10,0,2
BRDA:122,10,1,1
BRDA:123,11,0,1
BRDA:123,11,1,1
BRF:25
BRH:25
end_of_record
